Arguments: 
  /home/rasel/.nvm/versions/node/v17.1.0/bin/node /home/rasel/.nvm/versions/node/v17.1.0/bin/yarn install

PATH: 
  /home/rasel/.nvm/versions/node/v17.1.0/bin:/home/rasel/bin:/usr/local/bin:/usr/local/sbin:/usr/local/bin:/usr/sbin:/usr/bin:/sbin:/bin:/usr/games:/usr/local/games:/mnt/c/Windows/system32:/mnt/c/Windows:/mnt/c/Windows/System32/Wbem:/mnt/c/Windows/System32/WindowsPowerShell/v1.0/:/mnt/c/Windows/System32/OpenSSH/:/mnt/c/Program Files/nodejs/:/mnt/c/Program Files/Microsoft VS Code/bin:/mnt/c/Program Files (x86)/Yarn/bin/:/mnt/c/Program Files/Git/cmd:/mnt/c/Program Files/JetBrains/WebStorm 2021.2.3/bin:/mnt/c/Program Files/MongoDB/Server/5.0/bin:/mnt/c/Program Files/Redis/:/mnt/c/Users/RaseL/AppData/Local/Microsoft/WindowsApps:/mnt/c/Users/RaseL/AppData/Roaming/npm:/mnt/c/Program Files/JetBrains/WebStorm 2021.2.3/bin:/mnt/c/Users/RaseL/AppData/Local/Yarn/bin:/mnt/c/Program Files/MongoDB/Server/5.0/bin:/mnt/c/Program Files (x86)/heroku/bin

Yarn version: 
  1.22.17

Node version: 
  17.1.0

Platform: 
  linux x64

Trace: 
  Error: https://registry.yarnpkg.com/@fortawesome%2fpro-duotone-svg-icons: Not found
      at Request.params.callback [as _callback] (/home/rasel/.nvm/versions/node/v17.1.0/lib/node_modules/yarn/lib/cli.js:67029:18)
      at Request.self.callback (/home/rasel/.nvm/versions/node/v17.1.0/lib/node_modules/yarn/lib/cli.js:140883:22)
      at Request.emit (node:events:390:28)
      at Request.<anonymous> (/home/rasel/.nvm/versions/node/v17.1.0/lib/node_modules/yarn/lib/cli.js:141855:10)
      at Request.emit (node:events:390:28)
      at IncomingMessage.<anonymous> (/home/rasel/.nvm/versions/node/v17.1.0/lib/node_modules/yarn/lib/cli.js:141777:12)
      at Object.onceWrapper (node:events:509:28)
      at IncomingMessage.emit (node:events:402:35)
      at endReadableNT (node:internal/streams/readable:1340:12)
      at processTicksAndRejections (node:internal/process/task_queues:83:21)

npm manifest: 
  {
    "name": "node-sql",
    "version": "1.0.0",
    "main": "main.js",
    "homepage": "https://github.com/rasel-code-dev/my-blog/",
    "scripts": {
      "dev": "vite",
      "build": "vite build",
      "serve": "vite preview",
      "api": "cd backend && yarn dev",
      "deploy": "node scripts/deploy.js"
    },
    "dependencies": {
      "@fortawesome/fontawesome-svg-core": "^1.2.36",
      "@fortawesome/free-solid-svg-icons": "^5.15.4",
      "@fortawesome/pro-duotone-svg-icons": "5.15.4",
      "@fortawesome/pro-light-svg-icons": "5.15.4",
      "@fortawesome/pro-regular-svg-icons": "5.15.4",
      "@fortawesome/pro-solid-svg-icons": "5.15.4",
      "@fortawesome/pro-brands-svg-icons": "5.5.0",
      "@fortawesome/react-fontawesome": "^0.1.16",
      "axios": "^0.21.1",
      "classnames": "^2.3.1",
      "highlight.js": "^11.3.1",
      "markdown-it": "^12.2.0",
      "marked": "^3.0.8",
      "query-string": "^7.0.1",
      "react": "^17.0.0",
      "react-dom": "^17.0.0",
      "react-markdown-editor-lite": "^1.3.1",
      "react-redux": "^7.2.4",
      "react-router-dom": "^5.2.0",
      "react-slick": "^0.28.1",
      "react-topbar-progress-indicator": "^4.1.0",
      "react-transition-group": "^4.4.2",
      "redux": "^4.1.0",
      "redux-thunk": "^2.3.0",
      "sass": "^1.42.1",
      "slick-carousel": "^1.8.1",
      "typescript": "^4.5.2"
    },
    "devDependencies": {
      "@vitejs/plugin-react-refresh": "^1.3.1",
      "autoprefixer": "^10.4.0",
      "postcss": "^8.4.4",
      "tailwindcss": "^2.2.19",
      "vite": "^2.3.8"
    },
    "license": "Unlicense"
  }

yarn manifest: 
  No manifest

Lockfile: 
  No lockfile
